#
# There is insufficient memory for the Java Runtime Environment to continue.
# Native memory allocation (mmap) failed to map 100663296 bytes for G1 virtual space
# Possible reasons:
#   The system is out of physical RAM or swap space
#   The process is running with CompressedOops enabled, and the Java Heap may be blocking the growth of the native heap
# Possible solutions:
#   Reduce memory load on the system
#   Increase physical memory or swap space
#   Check if swap backing store is full
#   Decrease Java heap size (-Xmx/-Xms)
#   Decrease number of Java threads
#   Decrease Java thread stack sizes (-Xss)
#   Set larger code cache with -XX:ReservedCodeCacheSize=
#   JVM is running with Unscaled Compressed Oops mode in which the Java heap is
#     placed in the first 4GB address space. The Java Heap base address is the
#     maximum limit for the native heap growth. Please use -XX:HeapBaseMinAddress
#     to set the Java Heap base and to place the Java Heap above 4GB virtual address.
# This output file may be truncated or incomplete.
#
#  Out of Memory Error (os_windows.cpp:3613), pid=19472, tid=23984
#
# JRE version:  (17.0.9+9) (build )
# Java VM: OpenJDK 64-Bit Server VM (17.0.9+9, mixed mode, sharing, tiered, compressed oops, compressed class ptrs, g1 gc, windows-amd64)
# No core dump will be written. Minidumps are not enabled by default on client versions of Windows
#

---------------  S U M M A R Y ------------

Command Line: -Dfile.encoding=UTF-8 -Dstdout.encoding=UTF-8 -Dstderr.encoding=UTF-8 -XX:+ShowCodeDetailsInExceptionMessages assginmnent.Workingwithinstalogin

Host: Intel(R) Core(TM) i3-3217U CPU @ 1.80GHz, 4 cores, 5G,  Windows 10 , 64 bit Build 19041 (10.0.19041.3636)
Time: Thu Dec 21 19:27:34 2023 India Standard Time elapsed time: 0.096610 seconds (0d 0h 0m 0s)

---------------  T H R E A D  ---------------

Current thread (0x000002a208216a50):  JavaThread "Unknown thread" [_thread_in_vm, id=23984, stack(0x000000a226a00000,0x000000a226b00000)]

Stack: [0x000000a226a00000,0x000000a226b00000]
Native frames: (J=compiled Java code, j=interpreted, Vv=VM code, C=native code)
V  [jvm.dll+0x67cf49]
V  [jvm.dll+0x83478a]
V  [jvm.dll+0x83624e]
V  [jvm.dll+0x8368b3]
V  [jvm.dll+0x247f1f]
V  [jvm.dll+0x679d69]
V  [jvm.dll+0x66e6ba]
V  [jvm.dll+0x307e5b]
V  [jvm.dll+0x30f306]
V  [jvm.dll+0x35f0ce]
V  [jvm.dll+0x35f2ff]
V  [jvm.dll+0x2dea58]
V  [jvm.dll+0x2df9c4]
V  [jvm.dll+0x806031]
V  [jvm.dll+0x36cf31]
V  [jvm.dll+0x7e4aac]
V  [jvm.dll+0x3f07af]
V  [jvm.dll+0x3f23e1]
C  [jli.dll+0x528f]
C  [ucrtbase.dll+0x21bb2]
C  [KERNEL32.DLL+0x17344]
C  [ntdll.dll+0x526b1]


---------------  P R O C E S S  ---------------

Threads class SMR info:
_java_thread_list=0x00007ffc6c6aee98, length=0, elements={
}

Java Threads: ( => current thread )

Other Threads:
  0x000002a208263560 GCTaskThread "GC Thread#0" [stack: 0x000000a226b00000,0x000000a226c00000] [id=30504]
  0x000002a2082707a0 ConcurrentGCThread "G1 Main Marker" [stack: 0x000000a226c00000,0x000000a226d00000] [id=32200]
  0x000002a2082710d0 ConcurrentGCThread "G1 Conc#0" [stack: 0x000000a226d00000,0x000000a226e00000] [id=16604]

[error occurred during error reporting (printing all threads), id 0xc0000005, EXCEPTION_ACCESS_VIOLATION (0xc0000005) at pc=0x00007ffc6be6f497]

VM state: not at safepoint (not fully initialized)

VM Mutex/Monitor currently owned by a thread:  ([mutex/lock_event])
[0x000002a2082114f0] Heap_lock - owner thread: 0x000002a208216a50

Heap address: 0x00000000a1e00000, size: 1506 MB, Compressed Oops mode: 32-bit

CDS archive(s) mapped at: [0x0000000000000000-0x0000000000000000-0x0000000000000000), size 0, SharedBaseAddress: 0x0000000800000000, ArchiveRelocationMode: 1.
Narrow klass base: 0x0000000000000000, Narrow klass shift: 0, Narrow klass range: 0x0

GC Precious Log:
<Empty>

Heap:
 garbage-first heap   total 0K, used 0K [0x00000000a1e00000, 0x0000000100000000)
  region size 1024K, 0 young (0K), 0 survivors (0K)

[error occurred during error reporting (printing heap information), id 0xc0000005, EXCEPTION_ACCESS_VIOLATION (0xc0000005) at pc=0x00007ffc6c256c79]

GC Heap History (0 events):
No events

Dll operation events (1 events):
Event: 0.024 Loaded shared library C:\Users\SHUBHAM\.p2\pool\plugins\org.eclipse.justj.openjdk.hotspot.jre.full.win32.x86_64_17.0.9.v20231028-0858\jre\bin\java.dll

Deoptimization events (0 events):
No events

Classes unloaded (0 events):
No events

Classes redefined (0 events):
No events

Internal exceptions (0 events):
No events

VM Operations (0 events):
No events

Events (0 events):
No events


Dynamic libraries:
0x00007ff6fc2d0000 - 0x00007ff6fc2de000 	C:\Users\SHUBHAM\.p2\pool\plugins\org.eclipse.justj.openjdk.hotspot.jre.full.win32.x86_64_17.0.9.v20231028-0858\jre\bin\javaw.exe
0x00007ffcc21b0000 - 0x00007ffcc23a8000 	C:\Windows\SYSTEM32\ntdll.dll
0x00007ffcc2000000 - 0x00007ffcc20bd000 	C:\Windows\System32\KERNEL32.DLL
0x00007ffcbfa10000 - 0x00007ffcbfd06000 	C:\Windows\System32\KERNELBASE.dll
0x00007ffcbf8c0000 - 0x00007ffcbf9c0000 	C:\Windows\System32\ucrtbase.dll
0x00007ffcb9330000 - 0x00007ffcb9347000 	C:\Users\SHUBHAM\.p2\pool\plugins\org.eclipse.justj.openjdk.hotspot.jre.full.win32.x86_64_17.0.9.v20231028-0858\jre\bin\jli.dll
0x00007ffcb9350000 - 0x00007ffcb936b000 	C:\Users\SHUBHAM\.p2\pool\plugins\org.eclipse.justj.openjdk.hotspot.jre.full.win32.x86_64_17.0.9.v20231028-0858\jre\bin\VCRUNTIME140.dll
0x00007ffcc1510000 - 0x00007ffcc16ae000 	C:\Windows\System32\USER32.dll
0x00007ffcbf890000 - 0x00007ffcbf8b2000 	C:\Windows\System32\win32u.dll
0x00007ffca7c90000 - 0x00007ffca7f2a000 	C:\Windows\WinSxS\amd64_microsoft.windows.common-controls_6595b64144ccf1df_6.0.19041.3636_none_60b6a03d71f818d5\COMCTL32.dll
0x00007ffcc06a0000 - 0x00007ffcc06cc000 	C:\Windows\System32\GDI32.dll
0x00007ffcc1f60000 - 0x00007ffcc1ffe000 	C:\Windows\System32\msvcrt.dll
0x00007ffcc00f0000 - 0x00007ffcc020a000 	C:\Windows\System32\gdi32full.dll
0x00007ffcc0050000 - 0x00007ffcc00ed000 	C:\Windows\System32\msvcp_win.dll
0x00007ffcc18c0000 - 0x00007ffcc18f0000 	C:\Windows\System32\IMM32.DLL
0x00007ffcb9320000 - 0x00007ffcb932c000 	C:\Users\SHUBHAM\.p2\pool\plugins\org.eclipse.justj.openjdk.hotspot.jre.full.win32.x86_64_17.0.9.v20231028-0858\jre\bin\vcruntime140_1.dll
0x00007ffc81fe0000 - 0x00007ffc8206d000 	C:\Users\SHUBHAM\.p2\pool\plugins\org.eclipse.justj.openjdk.hotspot.jre.full.win32.x86_64_17.0.9.v20231028-0858\jre\bin\msvcp140.dll
0x00007ffc6bb80000 - 0x00007ffc6c7e1000 	C:\Users\SHUBHAM\.p2\pool\plugins\org.eclipse.justj.openjdk.hotspot.jre.full.win32.x86_64_17.0.9.v20231028-0858\jre\bin\server\jvm.dll
0x00007ffcc1d80000 - 0x00007ffcc1e2f000 	C:\Windows\System32\ADVAPI32.dll
0x00007ffcc03e0000 - 0x00007ffcc047c000 	C:\Windows\System32\sechost.dll
0x00007ffcc18f0000 - 0x00007ffcc1a16000 	C:\Windows\System32\RPCRT4.dll
0x00007ffcbf6f0000 - 0x00007ffcbf73b000 	C:\Windows\SYSTEM32\POWRPROF.dll
0x00007ffcbad60000 - 0x00007ffcbad69000 	C:\Windows\SYSTEM32\WSOCK32.dll
0x00007ffcafd50000 - 0x00007ffcafd77000 	C:\Windows\SYSTEM32\WINMM.dll
0x00007ffcc05a0000 - 0x00007ffcc060b000 	C:\Windows\System32\WS2_32.dll
0x00007ffcb4a90000 - 0x00007ffcb4a9a000 	C:\Windows\SYSTEM32\VERSION.dll
0x00007ffcbf6d0000 - 0x00007ffcbf6e2000 	C:\Windows\SYSTEM32\UMPDC.dll
0x00007ffcbd670000 - 0x00007ffcbd682000 	C:\Windows\SYSTEM32\kernel.appcore.dll
0x00007ffcb71a0000 - 0x00007ffcb71aa000 	C:\Users\SHUBHAM\.p2\pool\plugins\org.eclipse.justj.openjdk.hotspot.jre.full.win32.x86_64_17.0.9.v20231028-0858\jre\bin\jimage.dll
0x00007ffcb9d60000 - 0x00007ffcb9f44000 	C:\Windows\SYSTEM32\DBGHELP.DLL
0x00007ffcb9a50000 - 0x00007ffcb9a84000 	C:\Windows\SYSTEM32\dbgcore.DLL
0x00007ffcbfdf0000 - 0x00007ffcbfe72000 	C:\Windows\System32\bcryptPrimitives.dll
0x00007ffcb6c10000 - 0x00007ffcb6c35000 	C:\Users\SHUBHAM\.p2\pool\plugins\org.eclipse.justj.openjdk.hotspot.jre.full.win32.x86_64_17.0.9.v20231028-0858\jre\bin\java.dll

dbghelp: loaded successfully - version: 4.0.5 - missing functions: none
symbol engine: initialized successfully - sym options: 0x614 - pdb path: .;C:\Users\SHUBHAM\.p2\pool\plugins\org.eclipse.justj.openjdk.hotspot.jre.full.win32.x86_64_17.0.9.v20231028-0858\jre\bin;C:\Windows\SYSTEM32;C:\Windows\WinSxS\amd64_microsoft.windows.common-controls_6595b64144ccf1df_6.0.19041.3636_none_60b6a03d71f818d5;C:\Users\SHUBHAM\.p2\pool\plugins\org.eclipse.justj.openjdk.hotspot.jre.full.win32.x86_64_17.0.9.v20231028-0858\jre\bin\server

VM Arguments:
jvm_args: -Dfile.encoding=UTF-8 -Dstdout.encoding=UTF-8 -Dstderr.encoding=UTF-8 -XX:+ShowCodeDetailsInExceptionMessages 
java_command: assginmnent.Workingwithinstalogin
java_class_path (initial): C:\Users\SHUBHAM\eclipse-workspace\Automation3\bin;C:\Users\SHUBHAM\eclipse-workspace\Automation3\jars\selenium-server-4.15.0.jar
Launcher Type: SUN_STANDARD

[Global flags]
     intx CICompilerCount                          = 3                                         {product} {ergonomic}
     uint ConcGCThreads                            = 1                                         {product} {ergonomic}
     uint G1ConcRefinementThreads                  = 4                                         {product} {ergonomic}
   size_t G1HeapRegionSize                         = 1048576                                   {product} {ergonomic}
    uintx GCDrainStackTargetSize                   = 64                                        {product} {ergonomic}
   size_t InitialHeapSize                          = 100663296                                 {product} {ergonomic}
   size_t MarkStackSize                            = 4194304                                   {product} {ergonomic}
   size_t MaxHeapSize                              = 1579155456                                {product} {ergonomic}
   size_t MinHeapDeltaBytes                        = 1048576                                   {product} {ergonomic}
   size_t MinHeapSize                              = 8388608                                   {product} {ergonomic}
    uintx NonNMethodCodeHeapSize                   = 5832780                                {pd product} {ergonomic}
    uintx NonProfiledCodeHeapSize                  = 122912730                              {pd product} {ergonomic}
    uintx ProfiledCodeHeapSize                     = 122912730                              {pd product} {ergonomic}
    uintx ReservedCodeCacheSize                    = 251658240                              {pd product} {ergonomic}
     bool SegmentedCodeCache                       = true                                      {product} {ergonomic}
     bool ShowCodeDetailsInExceptionMessages       = true                                   {manageable} {command line}
   size_t SoftMaxHeapSize                          = 1579155456                             {manageable} {ergonomic}
     bool UseCompressedClassPointers               = true                           {product lp64_product} {ergonomic}
     bool UseCompressedOops                        = true                           {product lp64_product} {ergonomic}
     bool UseG1GC                                  = true                                      {product} {ergonomic}
     bool UseLargePagesIndividualAllocation        = false                                  {pd product} {ergonomic}

Logging:
Log output configuration:
 #0: stdout all=warning uptime,level,tags
 #1: stderr all=off uptime,level,tags

Environment Variables:
PATH=C:/Users/SHUBHAM/.p2/pool/plugins/org.eclipse.justj.openjdk.hotspot.jre.full.win32.x86_64_17.0.9.v20231028-0858/jre/bin/server;C:/Users/SHUBHAM/.p2/pool/plugins/org.eclipse.justj.openjdk.hotspot.jre.full.win32.x86_64_17.0.9.v20231028-0858/jre/bin;C:\Windows\system32;C:\Windows;C:\Windows\System32\Wbem;C:\Windows\System32\WindowsPowerShell\v1.0\;C:\Windows\System32\OpenSSH\;C:\Users\SHUBHAM\AppData\Local\Microsoft\WindowsApps;;C:\Users\SHUBHAM\Desktop;
USERNAME=SHUBHAM
OS=Windows_NT
PROCESSOR_IDENTIFIER=Intel64 Family 6 Model 58 Stepping 9, GenuineIntel
TMP=C:\Users\SHUBHAM\AppData\Local\Temp
TEMP=C:\Users\SHUBHAM\AppData\Local\Temp



Periodic native trim disabled


---------------  S Y S T E M  ---------------

OS:
 Windows 10 , 64 bit Build 19041 (10.0.19041.3636)
OS uptime: 3 days 0:25 hours

CPU: total 4 (initial active 4) (2 cores per cpu, 2 threads per core) family 6 model 58 stepping 9 microcode 0x21, cx8, cmov, fxsr, ht, mmx, sse, sse2, sse3, ssse3, sse4.1, sse4.2, popcnt, tsc, tscinvbit, avx, erms, clmul, vzeroupper, clflush
Processor Information for all 4 processors :
  Max Mhz: 1801, Current Mhz: 1801, Mhz Limit: 1801

Memory: 4k page, system-wide physical 6019M (472M free)
TotalPageFile size 18519M (AvailPageFile size 30M)
current process WorkingSet (physical memory assigned to process): 11M, peak: 11M
current process commit charge ("private bytes"): 51M, peak: 147M

vm_info: OpenJDK 64-Bit Server VM (17.0.9+9) for windows-amd64 JRE (17.0.9+9), built on Oct 26 2023 14:01:42 by "admin" with MS VC++ 16.10 / 16.11 (VS2019)

END.
